Hybrideta16to21pt5fraction90:
{
{0.007961,0.005592,0.527280,0.000000,0.000000},
{0.008761,0.004254,0.533504,0.000000,0.000000},
{0.003639,0.005317,0.251250,0.000000,0.000000},
{0.005039,0.003111,1.013814,0.000000,0.000000},
}
Hybrideta16to21pt5fraction91:
{
{0.007961,0.005592,0.527280,0.000000,0.000000},
{0.009408,0.005389,0.316556,0.000000,0.000000},
{0.003639,0.005317,0.251250,0.000000,0.000000},
{0.005318,0.003185,1.012362,0.000000,0.000000},
}
Hybrideta16to21pt5fraction92:
{
{0.008764,0.005400,0.393705,0.000000,0.000000},
{0.010277,0.005034,0.384144,0.000000,0.000000},
{0.003639,0.005317,0.251250,0.000000,0.000000},
{0.005210,0.003761,1.011415,0.000000,0.000000},
}
Hybrideta16to21pt5fraction93:
{
{0.008808,0.006748,0.065365,0.000000,0.000000},
{0.011188,0.004662,0.312560,0.000000,0.000000},
{0.003718,0.008854,0.252238,0.000000,0.000000},
{0.005507,0.003828,1.010740,0.000000,0.000000},
}
Hybrideta16to21pt5fraction94:
{
{0.011077,0.004956,0.458058,0.000000,0.000000},
{0.011742,0.006142,0.450831,0.000000,0.000000},
{0.004010,0.005508,0.252692,0.000000,0.000000},
{0.006023,0.003782,1.008976,0.000000,0.000000},
}
Hybrideta16to21pt5fraction95:
{
{0.010788,0.006988,0.526675,0.000000,0.000000},
{0.011742,0.006142,0.450831,0.000000,0.000000},
{0.004423,0.006831,0.255826,0.000000,0.000000},
{0.006358,0.004083,1.007911,0.000000,0.000000},
}
Hybrideta16to21pt5fraction96:
{
{0.010742,0.007235,0.198634,0.000000,0.000000},
{0.012588,0.006971,0.450602,0.000000,0.000000},
{0.004758,0.006394,0.259918,0.000000,0.000000},
{0.006928,0.003969,0.933718,0.000000,0.000000},
}
Hybrideta16to21pt5fraction97:
{
{0.011788,0.006929,0.201075,0.000000,0.000000},
{0.014174,0.007890,0.520047,0.000000,0.000000},
{0.005128,0.006254,0.260396,0.000000,0.000000},
{0.008124,0.004008,1.004467,0.000000,0.000000},
}
Hybrideta16to21pt5fraction98:
{
{0.012974,0.008746,0.204949,0.000000,0.000000},
{0.014174,0.007890,0.520047,0.000000,0.000000},
{0.006792,0.004989,0.764198,0.000000,0.000000},
{0.008592,0.004303,0.933430,0.000000,0.000000},
}
Hybrideta16to21pt5fraction99:
{
{0.017271,0.008677,0.488936,0.000000,0.000000},
{0.016871,0.009497,0.596699,0.000000,0.000000},
{0.008207,0.005487,0.843392,0.000000,0.000000},
{0.009607,0.005637,1.011594,0.000000,0.000000},
}
Hybrideta16to21pt7fraction90:
{
{0.006188,0.006733,0.005914,0.000000,0.000000},
{0.007588,0.003545,0.556049,0.000000,0.000000},
{0.003813,0.002633,0.764342,0.000000,0.000000},
{0.005413,0.002198,1.031181,0.000000,0.000000},
}
Hybrideta16to21pt7fraction91:
{
{0.006188,0.006733,0.005914,0.000000,0.000000},
{0.010610,0.004204,0.692683,0.000000,0.000000},
{0.003813,0.002633,0.764342,0.000000,0.000000},
{0.005413,0.002198,1.031181,0.000000,0.000000},
}
Hybrideta16to21pt7fraction92:
{
{0.006516,0.006071,0.007435,0.000000,0.000000},
{0.008418,0.006292,0.483355,0.000000,0.000000},
{0.003813,0.002633,0.764342,0.000000,0.000000},
{0.005323,0.002563,1.033669,0.000000,0.000000},
}
Hybrideta16to21pt7fraction93:
{
{0.006862,0.005510,0.148652,0.000000,0.000000},
{0.009256,0.005233,0.484471,0.000000,0.000000},
{0.003813,0.002633,0.764342,0.000000,0.000000},
{0.005469,0.002891,1.038390,0.000000,0.000000},
}
Hybrideta16to21pt7fraction94:
{
{0.007210,0.010512,0.500974,0.000000,0.000000},
{0.010549,0.006349,0.696109,0.000000,0.000000},
{0.003262,0.005081,0.281782,0.000000,0.000000},
{0.005469,0.002891,1.038390,0.000000,0.000000},
}
Hybrideta16to21pt7fraction95:
{
{0.008018,0.007078,0.436720,0.000000,0.000000},
{0.012515,0.005436,0.628924,0.000000,0.000000},
{0.003323,0.007376,0.286698,0.000000,0.000000},
{0.005355,0.003352,1.041523,0.000000,0.000000},
}
Hybrideta16to21pt7fraction96:
{
{0.008656,0.006280,0.372484,0.000000,0.000000},
{0.012515,0.005436,0.628924,0.000000,0.000000},
{0.003590,0.005335,0.359274,0.000000,0.000000},
{0.005381,0.004412,0.841150,0.000000,0.000000},
}
Hybrideta16to21pt7fraction97:
{
{0.008656,0.006280,0.372484,0.000000,0.000000},
{0.012864,0.005656,0.495916,0.000000,0.000000},
{0.003955,0.004967,0.447975,0.000000,0.000000},
{0.006151,0.004157,0.983360,0.000000,0.000000},
}
Hybrideta16to21pt7fraction98:
{
{0.010315,0.007312,0.470668,0.000000,0.000000},
{0.012864,0.005656,0.495916,0.000000,0.000000},
{0.004859,0.003512,0.877417,0.000000,0.000000},
{0.007242,0.004447,1.059568,0.000000,0.000000},
}
Hybrideta16to21pt7fraction99:
{
{0.011064,0.008014,0.075510,0.000000,0.000000},
{0.012864,0.005656,0.495916,0.000000,0.000000},
{0.005414,0.006673,0.400249,0.000000,0.000000},
{0.007242,0.004447,1.059568,0.000000,0.000000},
}
Hybrideta16to21pt10fraction90:
{
{0.005057,0.007380,0.178393,0.000000,0.000000},
{0.005657,0.003797,0.228547,0.000000,0.000000},
{0.002587,0.008542,0.318767,0.000000,0.000000},
{0.005387,0.001727,0.979173,0.000000,0.000000},
}
Hybrideta16to21pt10fraction91:
{
{0.005057,0.007380,0.178393,0.000000,0.000000},
{0.006423,0.005160,0.729405,0.000000,0.000000},
{0.002587,0.008542,0.318767,0.000000,0.000000},
{0.005387,0.001727,0.979173,0.000000,0.000000},
}
Hybrideta16to21pt10fraction92:
{
{0.005336,0.005283,0.042498,0.000000,0.000000},
{0.007345,0.004475,0.733321,0.000000,0.000000},
{0.002587,0.008542,0.318767,0.000000,0.000000},
{0.004466,0.002207,1.054919,0.000000,0.000000},
}
Hybrideta16to21pt10fraction93:
{
{0.005621,0.004873,0.533981,0.000000,0.000000},
{0.008291,0.003970,0.668734,0.000000,0.000000},
{0.002587,0.008542,0.318767,0.000000,0.000000},
{0.005764,0.002220,1.064651,0.000000,0.000000},
}
Hybrideta16to21pt10fraction94:
{
{0.006113,0.004601,0.611763,0.000000,0.000000},
{0.009824,0.004239,0.746250,0.000000,0.000000},
{0.003224,0.002490,0.674320,0.000000,0.000000},
{0.005631,0.002271,0.996965,0.000000,0.000000},
}
Hybrideta16to21pt10fraction95:
{
{0.005823,0.006720,0.060549,0.000000,0.000000},
{0.009513,0.004215,0.618106,0.000000,0.000000},
{0.003466,0.002464,0.817736,0.000000,0.000000},
{0.005492,0.002578,1.076771,0.000000,0.000000},
}
Hybrideta16to21pt10fraction96:
{
{0.006345,0.005259,0.488481,0.000000,0.000000},
{0.009513,0.004215,0.618106,0.000000,0.000000},
{0.004164,0.002425,0.841024,0.000000,0.000000},
{0.005178,0.003020,1.087331,0.000000,0.000000},
}
Hybrideta16to21pt10fraction97:
{
{0.006291,0.007145,0.574362,0.000000,0.000000},
{0.011079,0.005070,0.704975,0.000000,0.000000},
{0.004631,0.002596,0.921730,0.000000,0.000000},
{0.005694,0.003126,1.101093,0.000000,0.000000},
}
Hybrideta16to21pt10fraction98:
{
{0.006875,0.005655,0.177318,0.000000,0.000000},
{0.011079,0.005070,0.704975,0.000000,0.000000},
{0.003578,0.005130,0.422484,0.000000,0.000000},
{0.005483,0.004180,0.978654,0.000000,0.000000},
}
Hybrideta16to21pt10fraction99:
{
{0.007879,0.010003,0.521749,0.000000,0.000000},
{0.011079,0.005070,0.704975,0.000000,0.000000},
{0.004483,0.005004,0.575959,0.000000,0.000000},
{0.005483,0.004180,0.978654,0.000000,0.000000},
}
Hybrideta16to21pt12fraction90:
{
{0.005006,0.003295,0.059823,0.000000,0.000000},
{0.004806,0.005624,0.172709,0.000000,0.000000},
{0.003689,0.001753,0.620249,0.000000,0.000000},
{0.003889,0.001776,0.916550,0.000000,0.000000},
}
Hybrideta16to21pt12fraction91:
{
{0.005006,0.003295,0.059823,0.000000,0.000000},
{0.005220,0.005971,0.182881,0.000000,0.000000},
{0.003689,0.001753,0.620249,0.000000,0.000000},
{0.003889,0.001776,0.916550,0.000000,0.000000},
}
Hybrideta16to21pt12fraction92:
{
{0.004947,0.005360,0.071084,0.000000,0.000000},
{0.005712,0.004161,0.327418,0.000000,0.000000},
{0.003689,0.001753,0.620249,0.000000,0.000000},
{0.003920,0.001883,0.919545,0.000000,0.000000},
}
Hybrideta16to21pt12fraction93:
{
{0.005112,0.008525,0.367662,0.000000,0.000000},
{0.005997,0.004811,0.685697,0.000000,0.000000},
{0.003689,0.001753,0.620249,0.000000,0.000000},
{0.004557,0.001974,1.064651,0.000000,0.000000},
}
Hybrideta16to21pt12fraction94:
{
{0.005112,0.008525,0.367662,0.000000,0.000000},
{0.008636,0.003837,0.656062,0.000000,0.000000},
{0.003720,0.001754,0.628958,0.000000,0.000000},
{0.005393,0.001952,1.069740,0.000000,0.000000},
}
Hybrideta16to21pt12fraction95:
{
{0.005112,0.008525,0.367662,0.000000,0.000000},
{0.008636,0.003837,0.656062,0.000000,0.000000},
{0.004393,0.001923,0.719424,0.000000,0.000000},
{0.004685,0.002330,1.085578,0.000000,0.000000},
}
Hybrideta16to21pt12fraction96:
{
{0.005597,0.004779,0.452951,0.000000,0.000000},
{0.008636,0.003837,0.656062,0.000000,0.000000},
{0.003485,0.002748,0.893096,0.000000,0.000000},
{0.004940,0.002432,1.097678,0.000000,0.000000},
}
Hybrideta16to21pt12fraction97:
{
{0.005513,0.008757,0.404892,0.000000,0.000000},
{0.008311,0.005012,0.689480,0.000000,0.000000},
{0.004140,0.002568,0.784597,0.000000,0.000000},
{0.004819,0.002703,1.036051,0.000000,0.000000},
}
Hybrideta16to21pt12fraction98:
{
{0.005859,0.008465,0.293255,0.000000,0.000000},
{0.008311,0.005012,0.689480,0.000000,0.000000},
{0.004619,0.002729,0.959218,0.000000,0.000000},
{0.004494,0.006185,0.596066,0.000000,0.000000},
}
Hybrideta16to21pt12fraction99:
{
{0.007311,0.005743,0.512871,0.000000,0.000000},
{0.008311,0.005012,0.689480,0.000000,0.000000},
{0.005081,0.003587,1.042828,0.000000,0.000000},
{0.004494,0.006185,0.596066,0.000000,0.000000},
}
Hybrideta16to21pt16fraction90:
{
{0.003859,0.006823,0.103234,0.000000,0.000000},
{0.004059,0.005111,0.203261,0.000000,0.000000},
{0.002143,0.004270,0.391132,0.000000,0.000000},
{0.002943,0.001994,0.801320,0.000000,0.000000},
}
Hybrideta16to21pt16fraction91:
{
{0.003859,0.006823,0.103234,0.000000,0.000000},
{0.004472,0.007010,0.225341,0.000000,0.000000},
{0.002143,0.004270,0.391132,0.000000,0.000000},
{0.002943,0.001994,0.801320,0.000000,0.000000},
}
Hybrideta16to21pt16fraction92:
{
{0.003859,0.006823,0.103234,0.000000,0.000000},
{0.005116,0.006620,0.274238,0.000000,0.000000},
{0.002143,0.004270,0.391132,0.000000,0.000000},
{0.002943,0.001994,0.801320,0.000000,0.000000},
}
Hybrideta16to21pt16fraction93:
{
{0.003907,0.008284,0.110871,0.000000,0.000000},
{0.006646,0.004210,0.566825,0.000000,0.000000},
{0.002143,0.004270,0.391132,0.000000,0.000000},
{0.003198,0.001986,0.809274,0.000000,0.000000},
}
Hybrideta16to21pt16fraction94:
{
{0.005072,0.003431,0.634068,0.000000,0.000000},
{0.006646,0.004210,0.566825,0.000000,0.000000},
{0.002143,0.004270,0.391132,0.000000,0.000000},
{0.004422,0.001738,0.747366,0.000000,0.000000},
}
Hybrideta16to21pt16fraction95:
{
{0.004739,0.003884,0.166550,0.000000,0.000000},
{0.006646,0.004210,0.566825,0.000000,0.000000},
{0.002143,0.004270,0.391132,0.000000,0.000000},
{0.002957,0.006760,0.565629,0.000000,0.000000},
}
Hybrideta16to21pt16fraction96:
{
{0.005019,0.003643,0.196969,0.000000,0.000000},
{0.006646,0.004210,0.566825,0.000000,0.000000},
{0.003998,0.001619,0.409136,0.000000,0.000000},
{0.004824,0.002420,1.072840,0.000000,0.000000},
}
Hybrideta16to21pt16fraction97:
{
{0.004916,0.006809,0.233199,0.000000,0.000000},
{0.006646,0.004210,0.566825,0.000000,0.000000},
{0.002908,0.002872,0.466052,0.000000,0.000000},
{0.004824,0.002420,1.072840,0.000000,0.000000},
}
Hybrideta16to21pt16fraction98:
{
{0.005051,0.008058,0.274969,0.000000,0.000000},
{0.006646,0.004210,0.566825,0.000000,0.000000},
{0.002757,0.004059,0.500840,0.000000,0.000000},
{0.003923,0.007030,0.630069,0.000000,0.000000},
}
Hybrideta16to21pt16fraction99:
{
{0.005446,0.009776,0.328448,0.000000,0.000000},
{0.006646,0.004210,0.566825,0.000000,0.000000},
{0.003723,0.005218,0.600241,0.000000,0.000000},
{0.003923,0.007030,0.630069,0.000000,0.000000},
}
Hybrideta16to21pt20fraction90:
{
{0.003427,0.006600,0.139146,0.000000,0.000000},
{0.003627,0.004790,0.231978,0.000000,0.000000},
{0.002851,0.001712,0.913621,0.000000,0.000000},
{0.003051,0.001644,0.819986,0.000000,0.000000},
}
Hybrideta16to21pt20fraction91:
{
{0.003743,0.004470,0.175247,0.000000,0.000000},
{0.003627,0.004790,0.231978,0.000000,0.000000},
{0.002851,0.001712,0.913621,0.000000,0.000000},
{0.003051,0.001644,0.819986,0.000000,0.000000},
}
Hybrideta16to21pt20fraction92:
{
{0.003791,0.004686,0.194564,0.000000,0.000000},
{0.003991,0.004578,0.262168,0.000000,0.000000},
{0.002851,0.001712,0.913621,0.000000,0.000000},
{0.003051,0.001644,0.819986,0.000000,0.000000},
}
Hybrideta16to21pt20fraction93:
{
{0.003791,0.004686,0.194564,0.000000,0.000000},
{0.004497,0.008382,0.365877,0.000000,0.000000},
{0.002851,0.001712,0.913621,0.000000,0.000000},
{0.003051,0.001644,0.819986,0.000000,0.000000},
}
Hybrideta16to21pt20fraction94:
{
{0.003846,0.006150,0.218819,0.000000,0.000000},
{0.005080,0.005909,0.420599,0.000000,0.000000},
{0.002076,0.004749,0.435368,0.000000,0.000000},
{0.003051,0.001644,0.819986,0.000000,0.000000},
}
Hybrideta16to21pt20fraction95:
{
{0.003999,0.007725,0.571260,0.000000,0.000000},
{0.005080,0.005909,0.420599,0.000000,0.000000},
{0.002076,0.004749,0.435368,0.000000,0.000000},
{0.003700,0.001686,1.037020,0.000000,0.000000},
}
Hybrideta16to21pt20fraction96:
{
{0.003999,0.007725,0.571260,0.000000,0.000000},
{0.005080,0.005909,0.420599,0.000000,0.000000},
{0.002398,0.004079,0.509194,0.000000,0.000000},
{0.003131,0.002000,0.902052,0.000000,0.000000},
}
Hybrideta16to21pt20fraction97:
{
{0.004680,0.009679,0.394998,0.000000,0.000000},
{0.005080,0.005909,0.420599,0.000000,0.000000},
{0.002398,0.004079,0.509194,0.000000,0.000000},
{0.003598,0.002189,1.132921,0.000000,0.000000},
}
Hybrideta16to21pt20fraction98:
{
{0.004680,0.009679,0.394998,0.000000,0.000000},
{0.005080,0.005909,0.420599,0.000000,0.000000},
{0.002720,0.006665,0.853819,0.000000,0.000000},
{0.002920,0.005824,0.606299,0.000000,0.000000},
}
Hybrideta16to21pt20fraction99:
{
{0.004680,0.009679,0.394998,0.000000,0.000000},
{0.005080,0.005909,0.420599,0.000000,0.000000},
{0.003656,0.005321,0.617416,0.000000,0.000000},
{0.003656,0.008878,0.642722,0.000000,0.000000},
}
GE11eta16to21pt5fraction90:
{
0.007123,0.003278
}
GE21eta16to21pt5fraction90:
{
0.001923,0.002960
}
GE11eta16to21pt5fraction91:
{
0.007489,0.003436
}
GE21eta16to21pt5fraction91:
{
0.002020,0.003094
}
GE11eta16to21pt5fraction92:
{
0.007928,0.003619
}
GE21eta16to21pt5fraction92:
{
0.002130,0.003253
}
GE11eta16to21pt5fraction93:
{
0.008417,0.003815
}
GE21eta16to21pt5fraction93:
{
0.002252,0.003424
}
GE11eta16to21pt5fraction94:
{
0.008954,0.004047
}
GE21eta16to21pt5fraction94:
{
0.002399,0.003619
}
GE11eta16to21pt5fraction95:
{
0.009576,0.004315
}
GE21eta16to21pt5fraction95:
{
0.002582,0.003851
}
GE11eta16to21pt5fraction96:
{
0.010284,0.004657
}
GE21eta16to21pt5fraction96:
{
0.002789,0.004120
}
GE11eta16to21pt5fraction97:
{
0.011176,0.005048
}
GE21eta16to21pt5fraction97:
{
0.003070,0.004474
}
GE11eta16to21pt5fraction98:
{
0.012347,0.005585
}
GE21eta16to21pt5fraction98:
{
0.003461,0.004938
}
GE11eta16to21pt5fraction99:
{
0.014142,0.006415
}
GE21eta16to21pt5fraction99:
{
0.004059,0.005768
}
GE11eta16to21pt7fraction90:
{
0.005975,0.002826
}
GE21eta16to21pt7fraction90:
{
0.001752,0.002643
}
GE11eta16to21pt7fraction91:
{
0.006232,0.002924
}
GE21eta16to21pt7fraction91:
{
0.001837,0.002753
}
GE11eta16to21pt7fraction92:
{
0.006525,0.003046
}
GE21eta16to21pt7fraction92:
{
0.001935,0.002863
}
GE11eta16to21pt7fraction93:
{
0.006842,0.003180
}
GE21eta16to21pt7fraction93:
{
0.002032,0.003009
}
GE11eta16to21pt7fraction94:
{
0.007220,0.003339
}
GE21eta16to21pt7fraction94:
{
0.002167,0.003168
}
GE11eta16to21pt7fraction95:
{
0.007635,0.003510
}
GE21eta16to21pt7fraction95:
{
0.002338,0.003351
}
GE11eta16to21pt7fraction96:
{
0.008112,0.003717
}
GE21eta16to21pt7fraction96:
{
0.002533,0.003571
}
GE11eta16to21pt7fraction97:
{
0.008698,0.003961
}
GE21eta16to21pt7fraction97:
{
0.002814,0.003851
}
GE11eta16to21pt7fraction98:
{
0.009430,0.004303
}
GE21eta16to21pt7fraction98:
{
0.003241,0.004205
}
GE11eta16to21pt7fraction99:
{
0.010529,0.004828
}
GE21eta16to21pt7fraction99:
{
0.003900,0.004779
}
GE11eta16to21pt10fraction90:
{
0.004913,0.002374
}
GE21eta16to21pt10fraction90:
{
0.001617,0.002301
}
GE11eta16to21pt10fraction91:
{
0.005072,0.002448
}
GE21eta16to21pt10fraction91:
{
0.001691,0.002386
}
GE11eta16to21pt10fraction92:
{
0.005243,0.002533
}
GE21eta16to21pt10fraction92:
{
0.001764,0.002484
}
GE11eta16to21pt10fraction93:
{
0.005426,0.002631
}
GE21eta16to21pt10fraction93:
{
0.001874,0.002594
}
GE11eta16to21pt10fraction94:
{
0.005646,0.002728
}
GE21eta16to21pt10fraction94:
{
0.001996,0.002728
}
GE11eta16to21pt10fraction95:
{
0.005890,0.002863
}
GE21eta16to21pt10fraction95:
{
0.002142,0.002875
}
GE11eta16to21pt10fraction96:
{
0.006183,0.002985
}
GE21eta16to21pt10fraction96:
{
0.002362,0.003058
}
GE11eta16to21pt10fraction97:
{
0.006549,0.003156
}
GE21eta16to21pt10fraction97:
{
0.002667,0.003302
}
GE11eta16to21pt10fraction98:
{
0.007025,0.003387
}
GE21eta16to21pt10fraction98:
{
0.003094,0.003644
}
GE11eta16to21pt10fraction99:
{
0.007758,0.003766
}
GE21eta16to21pt10fraction99:
{
0.003766,0.004193
}
GE11eta16to21pt12fraction90:
{
0.004413,0.002179
}
GE21eta16to21pt12fraction90:
{
0.001556,0.002142
}
GE11eta16to21pt12fraction91:
{
0.004547,0.002240
}
GE21eta16to21pt12fraction91:
{
0.001630,0.002216
}
GE11eta16to21pt12fraction92:
{
0.004694,0.002313
}
GE21eta16to21pt12fraction92:
{
0.001715,0.002313
}
GE11eta16to21pt12fraction93:
{
0.004840,0.002386
}
GE21eta16to21pt12fraction93:
{
0.001813,0.002411
}
GE11eta16to21pt12fraction94:
{
0.005023,0.002460
}
GE21eta16to21pt12fraction94:
{
0.001935,0.002533
}
GE11eta16to21pt12fraction95:
{
0.005194,0.002570
}
GE21eta16to21pt12fraction95:
{
0.002094,0.002679
}
GE11eta16to21pt12fraction96:
{
0.005426,0.002679
}
GE21eta16to21pt12fraction96:
{
0.002325,0.002863
}
GE11eta16to21pt12fraction97:
{
0.005719,0.002838
}
GE21eta16to21pt12fraction97:
{
0.002643,0.003082
}
GE11eta16to21pt12fraction98:
{
0.006073,0.003033
}
GE21eta16to21pt12fraction98:
{
0.003058,0.003448
}
GE11eta16to21pt12fraction99:
{
0.006622,0.003387
}
GE21eta16to21pt12fraction99:
{
0.003729,0.004059
}
GE11eta16to21pt16fraction90:
{
0.003717,0.001886
}
GE21eta16to21pt16fraction90:
{
0.001495,0.001947
}
GE11eta16to21pt16fraction91:
{
0.003815,0.001935
}
GE21eta16to21pt16fraction91:
{
0.001569,0.002020
}
GE11eta16to21pt16fraction92:
{
0.003912,0.001996
}
GE21eta16to21pt16fraction92:
{
0.001642,0.002094
}
GE11eta16to21pt16fraction93:
{
0.004022,0.002045
}
GE21eta16to21pt16fraction93:
{
0.001752,0.002179
}
GE11eta16to21pt16fraction94:
{
0.004144,0.002118
}
GE21eta16to21pt16fraction94:
{
0.001874,0.002289
}
GE11eta16to21pt16fraction95:
{
0.004279,0.002216
}
GE21eta16to21pt16fraction95:
{
0.002045,0.002423
}
GE11eta16to21pt16fraction96:
{
0.004437,0.002313
}
GE21eta16to21pt16fraction96:
{
0.002289,0.002606
}
GE11eta16to21pt16fraction97:
{
0.004633,0.002448
}
GE21eta16to21pt16fraction97:
{
0.002606,0.002863
}
GE11eta16to21pt16fraction98:
{
0.004901,0.002655
}
GE21eta16to21pt16fraction98:
{
0.003033,0.003253
}
GE11eta16to21pt16fraction99:
{
0.005292,0.003046
}
GE21eta16to21pt16fraction99:
{
0.003680,0.003912
}
GE11eta16to21pt20fraction90:
{
0.003253,0.001703
}
GE21eta16to21pt20fraction90:
{
0.001447,0.001825
}
GE11eta16to21pt20fraction91:
{
0.003326,0.001752
}
GE21eta16to21pt20fraction91:
{
0.001520,0.001886
}
GE11eta16to21pt20fraction92:
{
0.003400,0.001801
}
GE21eta16to21pt20fraction92:
{
0.001605,0.001959
}
GE11eta16to21pt20fraction93:
{
0.003485,0.001862
}
GE21eta16to21pt20fraction93:
{
0.001703,0.002045
}
GE11eta16to21pt20fraction94:
{
0.003583,0.001910
}
GE21eta16to21pt20fraction94:
{
0.001837,0.002155
}
GE11eta16to21pt20fraction95:
{
0.003693,0.001996
}
GE21eta16to21pt20fraction95:
{
0.002008,0.002289
}
GE11eta16to21pt20fraction96:
{
0.003827,0.002094
}
GE21eta16to21pt20fraction96:
{
0.002252,0.002484
}
GE11eta16to21pt20fraction97:
{
0.003998,0.002240
}
GE21eta16to21pt20fraction97:
{
0.002570,0.002740
}
GE11eta16to21pt20fraction98:
{
0.004193,0.002460
}
GE21eta16to21pt20fraction98:
{
0.003009,0.003156
}
GE11eta16to21pt20fraction99:
{
0.004559,0.002911
}
GE21eta16to21pt20fraction99:
{
0.003644,0.003839
}
